07/27/2013 11:15:15 PM This message should go to the log file
07/27/2013 11:15:17 PM Opened Sortdata File
07/27/2013 11:15:17 PM Rows are ['id', 'Number of Terms', 'Time(in microseconds)']
07/27/2013 11:15:17 PM Rows are ['1', '0', '8.106231689453125']
07/27/2013 11:15:17 PM Rows are ['1', '10', '38.86222839355469']
07/27/2013 11:15:17 PM Rows are ['1', '20', '133.03756713867188']
07/27/2013 11:15:17 PM Rows are ['1', '30', '287.05596923828125']
07/27/2013 11:15:17 PM Rows are ['1', '40', '500.9174346923828']
07/27/2013 11:15:17 PM Rows are ['1', '50', '823.0209350585938']
07/27/2013 11:15:17 PM Rows are ['1', '60', '1160.8600616455078']
07/27/2013 11:15:17 PM Rows are ['1', '70', '1451.9691467285156']
07/27/2013 11:15:17 PM Rows are ['1', '80', '2129.077911376953']
07/27/2013 11:15:17 PM Rows are ['1', '90', '2549.886703491211']
07/27/2013 11:15:17 PM Rows are ['4', '0', '4.0531158447265625']
07/27/2013 11:15:17 PM Rows are ['4', '10', '54.836273193359375']
07/27/2013 11:15:17 PM Rows are ['4', '20', '99.89738464355469']
07/27/2013 11:15:17 PM Rows are ['4', '30', '143.0511474609375']
07/27/2013 11:15:17 PM Rows are ['4', '40', '195.98007202148438']
07/27/2013 11:15:17 PM Rows are ['4', '50', '237.94174194335938']
07/27/2013 11:15:17 PM Rows are ['4', '60', '307.0831298828125']
07/27/2013 11:15:17 PM Rows are ['4', '70', '337.83912658691406']
07/27/2013 11:15:17 PM Rows are ['4', '80', '458.9557647705078']
07/27/2013 11:15:17 PM Rows are ['4', '90', '473.0224609375']
07/27/2013 11:15:17 PM Rows are ['3', '0', '1.9073486328125']
07/27/2013 11:15:17 PM Rows are ['3', '10', '51.975250244140625']
07/27/2013 11:15:17 PM Rows are ['3', '20', '111.10305786132812']
07/27/2013 11:15:17 PM Rows are ['3', '30', '176.90658569335938']
07/27/2013 11:15:17 PM Rows are ['3', '40', '252.9621124267578']
07/27/2013 11:15:17 PM Rows are ['3', '50', '328.06396484375']
07/27/2013 11:15:17 PM Rows are ['3', '60', '404.8347473144531']
07/27/2013 11:15:17 PM Rows are ['3', '70', '488.04283142089844']
07/27/2013 11:15:17 PM Rows are ['3', '80', '615.1199340820312']
07/27/2013 11:15:17 PM Rows are ['3', '90', '663.0420684814453']
07/27/2013 11:15:18 PM Making graph with [] and [] and []
07/27/2013 11:15:18 PM Plotted Graph
07/27/2013 11:15:18 PM Entered Main function
07/27/2013 11:16:02 PM This message should go to the log file
07/27/2013 11:16:04 PM Opened Sortdata File
07/27/2013 11:16:04 PM Rows are ['id', 'Number of Terms', 'Time(in microseconds)']
07/27/2013 11:16:04 PM Rows are ['1', '0', '8.106231689453125']
07/27/2013 11:16:04 PM Rows are ['1', '10', '38.86222839355469']
07/27/2013 11:16:04 PM Rows are ['1', '20', '133.03756713867188']
07/27/2013 11:16:04 PM Rows are ['1', '30', '287.05596923828125']
07/27/2013 11:16:04 PM Rows are ['1', '40', '500.9174346923828']
07/27/2013 11:16:04 PM Rows are ['1', '50', '823.0209350585938']
07/27/2013 11:16:04 PM Rows are ['1', '60', '1160.8600616455078']
07/27/2013 11:16:04 PM Rows are ['1', '70', '1451.9691467285156']
07/27/2013 11:16:04 PM Rows are ['1', '80', '2129.077911376953']
07/27/2013 11:16:04 PM Rows are ['1', '90', '2549.886703491211']
07/27/2013 11:16:04 PM Rows are ['4', '0', '4.0531158447265625']
07/27/2013 11:16:04 PM Rows are ['4', '10', '54.836273193359375']
07/27/2013 11:16:04 PM Rows are ['4', '20', '99.89738464355469']
07/27/2013 11:16:04 PM Rows are ['4', '30', '143.0511474609375']
07/27/2013 11:16:04 PM Rows are ['4', '40', '195.98007202148438']
07/27/2013 11:16:04 PM Rows are ['4', '50', '237.94174194335938']
07/27/2013 11:16:04 PM Rows are ['4', '60', '307.0831298828125']
07/27/2013 11:16:04 PM Rows are ['4', '70', '337.83912658691406']
07/27/2013 11:16:04 PM Rows are ['4', '80', '458.9557647705078']
07/27/2013 11:16:04 PM Rows are ['4', '90', '473.0224609375']
07/27/2013 11:16:04 PM Rows are ['3', '0', '1.9073486328125']
07/27/2013 11:16:04 PM Rows are ['3', '10', '51.975250244140625']
07/27/2013 11:16:04 PM Rows are ['3', '20', '111.10305786132812']
07/27/2013 11:16:04 PM Rows are ['3', '30', '176.90658569335938']
07/27/2013 11:16:04 PM Rows are ['3', '40', '252.9621124267578']
07/27/2013 11:16:04 PM Rows are ['3', '50', '328.06396484375']
07/27/2013 11:16:04 PM Rows are ['3', '60', '404.8347473144531']
07/27/2013 11:16:04 PM Rows are ['3', '70', '488.04283142089844']
07/27/2013 11:16:04 PM Rows are ['3', '80', '615.1199340820312']
07/27/2013 11:16:04 PM Rows are ['3', '90', '663.0420684814453']
07/27/2013 11:16:04 PM Making graph with ['0', '10', '20', '30', '40', '50', '60', '70', '80', '90'] and ['8.106231689453125', '38.86222839355469', '133.03756713867188', '287.05596923828125', '500.9174346923828', '823.0209350585938', '1160.8600616455078', '1451.9691467285156', '2129.077911376953', '2549.886703491211'] and ['1.9073486328125', '51.975250244140625', '111.10305786132812', '176.90658569335938', '252.9621124267578', '328.06396484375', '404.8347473144531', '488.04283142089844', '615.1199340820312', '663.0420684814453']
07/27/2013 11:16:04 PM Plotted Graph
07/27/2013 11:16:04 PM Entered Main function
07/27/2013 11:16:09 PM Calling Sorting function with 1
07/27/2013 11:16:09 PM Entered sorting function with 1 key
07/27/2013 11:17:20 PM This message should go to the log file
07/27/2013 11:17:22 PM Opened Sortdata File
07/27/2013 11:17:22 PM Rows are ['id', 'Number of Terms', 'Time(in microseconds)']
07/27/2013 11:17:22 PM Rows are ['1', '0', '8.106231689453125']
07/27/2013 11:17:22 PM Rows are ['1', '10', '38.86222839355469']
07/27/2013 11:17:22 PM Rows are ['1', '20', '133.03756713867188']
07/27/2013 11:17:22 PM Rows are ['1', '30', '287.05596923828125']
07/27/2013 11:17:22 PM Rows are ['1', '40', '500.9174346923828']
07/27/2013 11:17:22 PM Rows are ['1', '50', '823.0209350585938']
07/27/2013 11:17:22 PM Rows are ['1', '60', '1160.8600616455078']
07/27/2013 11:17:22 PM Rows are ['1', '70', '1451.9691467285156']
07/27/2013 11:17:22 PM Rows are ['1', '80', '2129.077911376953']
07/27/2013 11:17:22 PM Rows are ['1', '90', '2549.886703491211']
07/27/2013 11:17:22 PM Rows are ['4', '0', '4.0531158447265625']
07/27/2013 11:17:22 PM Rows are ['4', '10', '54.836273193359375']
07/27/2013 11:17:22 PM Rows are ['4', '20', '99.89738464355469']
07/27/2013 11:17:22 PM Rows are ['4', '30', '143.0511474609375']
07/27/2013 11:17:22 PM Rows are ['4', '40', '195.98007202148438']
07/27/2013 11:17:22 PM Rows are ['4', '50', '237.94174194335938']
07/27/2013 11:17:22 PM Rows are ['4', '60', '307.0831298828125']
07/27/2013 11:17:22 PM Rows are ['4', '70', '337.83912658691406']
07/27/2013 11:17:22 PM Rows are ['4', '80', '458.9557647705078']
07/27/2013 11:17:22 PM Rows are ['4', '90', '473.0224609375']
07/27/2013 11:17:22 PM Rows are ['3', '0', '1.9073486328125']
07/27/2013 11:17:22 PM Rows are ['3', '10', '51.975250244140625']
07/27/2013 11:17:22 PM Rows are ['3', '20', '111.10305786132812']
07/27/2013 11:17:22 PM Rows are ['3', '30', '176.90658569335938']
07/27/2013 11:17:22 PM Rows are ['3', '40', '252.9621124267578']
07/27/2013 11:17:22 PM Rows are ['3', '50', '328.06396484375']
07/27/2013 11:17:22 PM Rows are ['3', '60', '404.8347473144531']
07/27/2013 11:17:22 PM Rows are ['3', '70', '488.04283142089844']
07/27/2013 11:17:22 PM Rows are ['3', '80', '615.1199340820312']
07/27/2013 11:17:22 PM Rows are ['3', '90', '663.0420684814453']
07/27/2013 11:17:22 PM Making graph with ['0', '10', '20', '30', '40', '50', '60', '70', '80', '90'] and ['4.0531158447265625', '54.836273193359375', '99.89738464355469', '143.0511474609375', '195.98007202148438', '237.94174194335938', '307.0831298828125', '337.83912658691406', '458.9557647705078', '473.0224609375'] and ['1.9073486328125', '51.975250244140625', '111.10305786132812', '176.90658569335938', '252.9621124267578', '328.06396484375', '404.8347473144531', '488.04283142089844', '615.1199340820312', '663.0420684814453']
07/27/2013 11:17:23 PM Plotted Graph
07/27/2013 11:17:23 PM Entered Main function
07/27/2013 11:17:30 PM ---------------Program Ends--------------
07/27/2013 11:17:30 PM This message should go to the log file
07/28/2013 01:59:12 PM This message should go to the log file
07/28/2013 01:59:12 PM Entered Main function
07/28/2013 01:59:14 PM Calling Sorting function with 8
07/28/2013 01:59:14 PM Entered sorting function with 8 key
07/28/2013 01:59:17 PM File found
07/28/2013 01:59:17 PM File found
07/28/2013 01:59:17 PM File found
07/28/2013 01:59:17 PM File found
07/28/2013 01:59:17 PM File found
07/28/2013 01:59:17 PM File found
07/28/2013 01:59:17 PM File found
07/28/2013 01:59:17 PM File found
07/28/2013 01:59:17 PM File found
07/28/2013 01:59:17 PM File found
07/28/2013 01:59:17 PM Entered Makegraph with 8 and Gnome Sort
07/28/2013 01:59:17 PM Opened Sortdata File
07/28/2013 01:59:17 PM Rows are ['id', 'Number of Terms', 'Time(in microseconds)']
07/28/2013 01:59:17 PM Rows are ['1', '0', '8.106231689453125']
07/28/2013 01:59:17 PM Rows are ['1', '10', '38.86222839355469']
07/28/2013 01:59:17 PM Rows are ['1', '20', '133.03756713867188']
07/28/2013 01:59:17 PM Rows are ['1', '30', '287.05596923828125']
07/28/2013 01:59:17 PM Rows are ['1', '40', '500.9174346923828']
07/28/2013 01:59:17 PM Rows are ['1', '50', '823.0209350585938']
07/28/2013 01:59:17 PM Rows are ['1', '60', '1160.8600616455078']
07/28/2013 01:59:17 PM Rows are ['1', '70', '1451.9691467285156']
07/28/2013 01:59:17 PM Rows are ['1', '80', '2129.077911376953']
07/28/2013 01:59:17 PM Rows are ['1', '90', '2549.886703491211']
07/28/2013 01:59:17 PM Rows are ['4', '0', '4.0531158447265625']
07/28/2013 01:59:17 PM Rows are ['4', '10', '54.836273193359375']
07/28/2013 01:59:17 PM Rows are ['4', '20', '99.89738464355469']
07/28/2013 01:59:17 PM Rows are ['4', '30', '143.0511474609375']
07/28/2013 01:59:17 PM Rows are ['4', '40', '195.98007202148438']
07/28/2013 01:59:17 PM Rows are ['4', '50', '237.94174194335938']
07/28/2013 01:59:17 PM Rows are ['4', '60', '307.0831298828125']
07/28/2013 01:59:17 PM Rows are ['4', '70', '337.83912658691406']
07/28/2013 01:59:17 PM Rows are ['4', '80', '458.9557647705078']
07/28/2013 01:59:17 PM Rows are ['4', '90', '473.0224609375']
07/28/2013 01:59:17 PM Rows are ['3', '0', '1.9073486328125']
07/28/2013 01:59:17 PM Rows are ['3', '10', '51.975250244140625']
07/28/2013 01:59:17 PM Rows are ['3', '20', '111.10305786132812']
07/28/2013 01:59:17 PM Rows are ['3', '30', '176.90658569335938']
07/28/2013 01:59:17 PM Rows are ['3', '40', '252.9621124267578']
07/28/2013 01:59:17 PM Rows are ['3', '50', '328.06396484375']
07/28/2013 01:59:17 PM Rows are ['3', '60', '404.8347473144531']
07/28/2013 01:59:17 PM Rows are ['3', '70', '488.04283142089844']
07/28/2013 01:59:17 PM Rows are ['3', '80', '615.1199340820312']
07/28/2013 01:59:17 PM Rows are ['3', '90', '663.0420684814453']
07/28/2013 01:59:17 PM Rows are ['8', '0', '3.814697265625']
07/28/2013 01:59:17 PM Rows are ['8', '10', '22.172927856445312']
07/28/2013 01:59:17 PM Rows are ['8', '20', '73.90975952148438']
07/28/2013 01:59:17 PM Rows are ['8', '30', '151.15737915039062']
07/28/2013 01:59:17 PM Rows are ['8', '40', '220.0603485107422']
07/28/2013 01:59:17 PM Rows are ['8', '50', '365.0188446044922']
07/28/2013 01:59:17 PM Rows are ['8', '60', '545.9785461425781']
07/28/2013 01:59:17 PM Rows are ['8', '70', '866.1746978759766']
07/28/2013 01:59:17 PM Rows are ['8', '80', '948.9059448242188']
07/28/2013 01:59:17 PM Rows are ['8', '90', '1247.8828430175781']
07/28/2013 01:59:17 PM Rows are ['8', '0', '5.0067901611328125']
07/28/2013 01:59:17 PM Rows are ['8', '10', '76.05552673339844']
07/28/2013 01:59:17 PM Rows are ['8', '20', '150.91896057128906']
07/28/2013 01:59:17 PM Rows are ['8', '30', '271.08192443847656']
07/28/2013 01:59:17 PM Rows are ['8', '40', '514.984130859375']
07/28/2013 01:59:17 PM Rows are ['8', '50', '707.8647613525391']
07/28/2013 01:59:17 PM Rows are ['8', '60', '1019.0010070800781']
07/28/2013 01:59:17 PM Rows are ['8', '70', '2030.1342010498047']
07/28/2013 01:59:17 PM Rows are ['8', '80', '2131.938934326172']
07/28/2013 01:59:17 PM Rows are ['8', '90', '2522.9454040527344']
07/28/2013 01:59:17 PM Rows are ['8', '0', '3.0994415283203125']
07/28/2013 01:59:17 PM Rows are ['8', '10', '21.93450927734375']
07/28/2013 01:59:17 PM Rows are ['8', '20', '74.86343383789062']
07/28/2013 01:59:17 PM Rows are ['8', '30', '135.89859008789062']
07/28/2013 01:59:17 PM Rows are ['8', '40', '277.9960632324219']
07/28/2013 01:59:17 PM Rows are ['8', '50', '379.80079650878906']
07/28/2013 01:59:17 PM Rows are ['8', '60', '584.8407745361328']
07/28/2013 01:59:17 PM Rows are ['8', '70', '775.8140563964844']
07/28/2013 01:59:17 PM Rows are ['8', '80', '1070.0225830078125']
07/28/2013 01:59:17 PM Rows are ['8', '90', '1333.9519500732422']
07/28/2013 01:59:18 PM Making graph with ['0', '10', '20', '30', '40', '50', '60', '70', '80', '90', '0', '10', '20', '30', '40', '50', '60', '70', '80', '90', '0', '10', '20', '30', '40', '50', '60', '70', '80', '90'] and ['3.814697265625', '22.172927856445312', '73.90975952148438', '151.15737915039062', '220.0603485107422', '365.0188446044922', '545.9785461425781', '866.1746978759766', '948.9059448242188', '1247.8828430175781', '5.0067901611328125', '76.05552673339844', '150.91896057128906', '271.08192443847656', '514.984130859375', '707.8647613525391', '1019.0010070800781', '2030.1342010498047', '2131.938934326172', '2522.9454040527344', '3.0994415283203125', '21.93450927734375', '74.86343383789062', '135.89859008789062', '277.9960632324219', '379.80079650878906', '584.8407745361328', '775.8140563964844', '1070.0225830078125', '1333.9519500732422']
07/28/2013 01:59:18 PM Plotted Graph
07/28/2013 01:59:18 PM Returning to Main function
07/28/2013 01:59:25 PM ---------------Program Ends--------------
07/28/2013 01:59:42 PM This message should go to the log file
07/28/2013 01:59:42 PM Entered Main function
07/28/2013 01:59:47 PM Calling Sorting function with 7
07/28/2013 01:59:47 PM Entered sorting function with 7 key
07/28/2013 01:59:50 PM File found
07/28/2013 01:59:50 PM File found
07/28/2013 01:59:50 PM File found
07/28/2013 01:59:50 PM File found
07/28/2013 01:59:50 PM File found
07/28/2013 01:59:50 PM File found
07/28/2013 01:59:50 PM File found
07/28/2013 01:59:50 PM File found
07/28/2013 01:59:50 PM File found
07/28/2013 01:59:50 PM File found
07/28/2013 01:59:50 PM Entered Makegraph with 7 and Tim Sort
07/28/2013 01:59:50 PM Opened Sortdata File
07/28/2013 01:59:50 PM Rows are ['id', 'Number of Terms', 'Time(in microseconds)']
07/28/2013 01:59:50 PM Rows are ['7', '0', '3.0994415283203125']
07/28/2013 01:59:50 PM Rows are ['7', '10', '5.0067901611328125']
07/28/2013 01:59:50 PM Rows are ['7', '20', '2.86102294921875']
07/28/2013 01:59:50 PM Rows are ['7', '30', '5.0067901611328125']
07/28/2013 01:59:50 PM Rows are ['7', '40', '6.198883056640625']
07/28/2013 01:59:50 PM Rows are ['7', '50', '8.106231689453125']
07/28/2013 01:59:50 PM Rows are ['7', '60', '10.013580322265625']
07/28/2013 01:59:50 PM Rows are ['7', '70', '13.828277587890625']
07/28/2013 01:59:50 PM Rows are ['7', '80', '14.066696166992188']
07/28/2013 01:59:50 PM Rows are ['7', '90', '15.974044799804688']
07/28/2013 01:59:50 PM Making graph with ['0', '10', '20', '30', '40', '50', '60', '70', '80', '90'] and ['3.0994415283203125', '5.0067901611328125', '2.86102294921875', '5.0067901611328125', '6.198883056640625', '8.106231689453125', '10.013580322265625', '13.828277587890625', '14.066696166992188', '15.974044799804688']
07/28/2013 01:59:51 PM Plotted Graph
07/28/2013 01:59:51 PM Returning to Main function
07/28/2013 01:59:55 PM ---------------Program Ends--------------
